-------------------------------------------------------------------------------
Test set: MovieManagerTest
-------------------------------------------------------------------------------
Tests run: 1, Failures: 1, Errors: 0, Skipped: 0, Time elapsed: 0.217 s <<< FAILURE! - in MovieManagerTest
test  Time elapsed: 0.159 s  <<< FAILURE!
org.opentest4j.AssertionFailedError: array contents differ at index [0], expected: <Эш против зловещих мертвецов 1> but was: <null>
	at MovieManagerTest.test(MovieManagerTest.java:17)

