<?xml version="1.0" encoding="UTF-8"?>
<testsuite xmlns:xsi="http://www.w3.org/2001/XMLSchema-instance" xsi:noNamespaceSchemaLocation="https://maven.apache.org/surefire/maven-surefire-plugin/xsd/surefire-test-report.xsd" name="MovieManagerTest" time="0.217" tests="1" errors="0" skipped="0" failures="1">
  <properties>
[...]
</properties>
  <testcase name="test" classname="MovieManagerTest" time="0.159">
    <failure message="array contents differ at index [0], expected: &lt;Эш против зловещих мертвецов 1&gt; but was: &lt;null&gt;" type="org.opentest4j.AssertionFailedError"><![CDATA[org.opentest4j.AssertionFailedError: array contents differ at index [0], expected: <Эш против зловещих мертвецов 1> but was: <null>
	at MovieManagerTest.test(MovieManagerTest.java:17)
]]></failure>
  </testcase>
</testsuite>